Sampo_B/app/build/outputs/logs/manifest-merger-debug-report.txt
-- Merging decision tree log ---
manifest
ADDED from src\main\AndroidManifest.xml:2:1-238:12
INJECTED from src\main\AndroidManifest.xml:2:1-238:12
INJECTED from src\main\AndroidManifest.xml:2:1-238:12
INJECTED from src\main\AndroidManifest.xml:2:1-238:12
MERGED from [cn.yipianfengye.android:zxing-library:2.2] AndroidManifest.xml:2:1-20:12
MERGED from [com.android.support:appcompat-v7:27.1.1] AndroidManifest.xml:17:1-22:12
MERGED from [com.android.support:recyclerview-v7:27.1.1] AndroidManifest.xml:17:1-22:12
MERGED from [com.android.support.constraint:constraint-layout:1.1.3] AndroidManifest.xml:2:1-11:12
MERGED from [com.jakewharton:butterknife:8.2.1] AndroidManifest.xml:2:1-7:12
MERGED from [io.reactivex:rxandroid:1.1.0] AndroidManifest.xml:15:1-21:12
MERGED from [com.github.bumptech.glide:glide:4.6.1] AndroidManifest.xml:2:1-13:12
MERGED from [com.sina.weibo.sdk:core:4.1.3] AndroidManifest.xml:2:1-42:12
MERGED from [com.umeng.umsdk:push:6.0.1] AndroidManifest.xml:2:1-167:12
MERGED from [com.github.bumptech.glide:gifdecoder:4.6.1] AndroidManifest.xml:2:1-11:12
MERGED from [com.android.support:support-v4:25.1.1] AndroidManifest.xml:17:1-27:12
MERGED from [com.android.support:support-media-compat:25.1.1] AndroidManifest.xml:17:1-27:12
MERGED from [com.android.support:support-fragment:27.1.1] AndroidManifest.xml:17:1-22:12
MERGED from [com.android.support:animated-vector-drawable:27.1.1] AndroidManifest.xml:17:1-22:12
MERGED from [com.android.support:support-vector-drawable:27.1.1] AndroidManifest.xml:17:1-22:12
MERGED from [com.android.support:support-core-ui:27.1.1] AndroidManifest.xml:17:1-22:12
MERGED from [com.android.support:support-core-utils:27.1.1] AndroidManifest.xml:17:1-22:12
MERGED from [com.android.support:support-compat:27.1.1] AndroidManifest.xml:17:1-22:12
MERGED from [android.arch.lifecycle:runtime:1.1.0] AndroidManifest.xml:17:1-22:12
MERGED from [android.arch.lifecycle:livedata-core:1.1.0] AndroidManifest.xml:17:1-22:12
MERGED from [android.arch.lifecycle:viewmodel:1.1.0] AndroidManifest.xml:17:1-22:12
MERGED from [android.arch.core:runtime:1.1.0] AndroidManifest.xml:17:1-22:12
INJECTED from src\main\AndroidManifest.xml:2:1-238:12
INJECTED from src\main\AndroidManifest.xml:2:1-238:12
INJECTED from src\main\AndroidManifest.xml:2:1-238:12
	package
		ADDED from src\main\AndroidManifest.xml:3:5-34
		INJECTED from src\main\AndroidManifest.xml
		INJECTED from src\main\AndroidManifest.xml
	android:versionName
		INJECTED from src\main\AndroidManifest.xml
		ADDED from src\main\AndroidManifest.xml:2:1-238:12
		INJECTED from src\main\AndroidManifest.xml
	android:versionCode
		INJECTED from src\main\AndroidManifest.xml
		ADDED from src\main\AndroidManifest.xml:2:1-238:12
		INJECTED from src\main\AndroidManifest.xml
	xmlns:android
		ADDED from src\main\AndroidManifest.xml:2:11-69
uses-permission#android.permission.CAMERA
ADDED from src\main\AndroidManifest.xml:5:5-65
	android:name
		ADDED from src\main\AndroidManifest.xml:5:22-62
uses-permission#android.permission.VIBRATE
ADDED from src\main\AndroidManifest.xml:6:5-66
	android:name
		ADDED from src\main\AndroidManifest.xml:6:22-63
uses-permission#android.permission.INTERNET
ADDED from src\main\AndroidManifest.xml:7:5-67
MERGED from [com.umeng.umsdk:push:6.0.1] AndroidManifest.xml:11:5-67
MERGED from [com.umeng.umsdk:push:6.0.1] AndroidManifest.xml:11:5-67
	android:name
		ADDED from src\main\AndroidManifest.xml:7:22-64
uses-permission#android.permission.READ_PHONE_STATE
ADDED from src\main\AndroidManifest.xml:8:5-75
MERGED from [com.umeng.umsdk:push:6.0.1] AndroidManifest.xml:16:5-75
MERGED from [com.umeng.umsdk:push:6.0.1] AndroidManifest.xml:16:5-75
	android:name
		ADDED from src\main\AndroidManifest.xml:8:22-72
uses-permission#android.permission.READ_EXTERNAL_STORAGE
ADDED from src\main\AndroidManifest.xml:9:5-80
	android:name
		ADDED from src\main\AndroidManifest.xml:9:22-77
uses-permission#android.permission.WRITE_EXTERNAL_STORAGE
ADDED from src\main\AndroidManifest.xml:10:5-81
MERGED from [com.umeng.umsdk:push:6.0.1] AndroidManifest.xml:14:5-81
MERGED from [com.umeng.umsdk:push:6.0.1] AndroidManifest.xml:14:5-81
	android:name
		ADDED from src\main\AndroidManifest.xml:10:22-78
uses-permission#android.permission.READ_INTERNAL_STORAGE
ADDED from src\main\AndroidManifest.xml:11:5-80
	android:name
		ADDED from src\main\AndroidManifest.xml:11:22-77
uses-permission#android.permission.WRITE_INTERNAL_STORAGE
ADDED from src\main\AndroidManifest.xml:12:5-81
	android:name
		ADDED from src\main\AndroidManifest.xml:12:22-78
uses-permission#android.permission.ACCESS_WIFI_STATE
ADDED from src\main\AndroidManifest.xml:13:5-76
MERGED from [com.umeng.umsdk:push:6.0.1] AndroidManifest.xml:13:5-76
MERGED from [com.umeng.umsdk:push:6.0.1] AndroidManifest.xml:13:5-76
	android:name
		ADDED from src\main\AndroidManifest.xml:13:22-73
uses-permission#android.permission.ACCESS_NETWORK_STATE
ADDED from src\main\AndroidManifest.xml:14:5-79
MERGED from [com.umeng.umsdk:push:6.0.1] AndroidManifest.xml:12:5-79
MERGED from [com.umeng.umsdk:push:6.0.1] AndroidManifest.xml:12:5-79
	android:name
		ADDED from src\main\AndroidManifest.xml:14:22-76
uses-permission#android.permission.CHANGE_NETWORK_STATE
ADDED from src\main\AndroidManifest.xml:15:5-79
MERGED from [com.umeng.umsdk:push:6.0.1] AndroidManifest.xml:24:5-79
MERGED from [com.umeng.umsdk:push:6.0.1] AndroidManifest.xml:24:5-79
	android:name
		ADDED from src\main\AndroidManifest.xml:15:22-76
uses-feature#android.hardware.camera
ADDED from src\main\AndroidManifest.xml:17:5-60
	android:name
		ADDED from src\main\AndroidManifest.xml:17:19-57
uses-feature#android.hardware.camera.autofocus
ADDED from src\main\AndroidManifest.xml:18:5-70
	android:name
		ADDED from src\main\AndroidManifest.xml:18:19-67
application
ADDED from src\main\AndroidManifest.xml:21:5-236:19
MERGED from [cn.yipianfengye.android:zxing-library:2.2] AndroidManifest.xml:11:5-18:19
MERGED from [cn.yipianfengye.android:zxing-library:2.2] AndroidManifest.xml:11:5-18:19
MERGED from [com.android.support.constraint:constraint-layout:1.1.3] AndroidManifest.xml:9:5-20
MERGED from [com.android.support.constraint:constraint-layout:1.1.3] AndroidManifest.xml:9:5-20
MERGED from [com.github.bumptech.glide:glide:4.6.1] AndroidManifest.xml:11:5-20
MERGED from [com.github.bumptech.glide:glide:4.6.1] AndroidManifest.xml:11:5-20
MERGED from [com.sina.weibo.sdk:core:4.1.3] AndroidManifest.xml:11:5-40:19
MERGED from [com.sina.weibo.sdk:core:4.1.3] AndroidManifest.xml:11:5-40:19
MERGED from [com.umeng.umsdk:push:6.0.1] AndroidManifest.xml:27:5-165:19
MERGED from [com.umeng.umsdk:push:6.0.1] AndroidManifest.xml:27:5-165:19
MERGED from [com.github.bumptech.glide:gifdecoder:4.6.1] AndroidManifest.xml:9:5-20
MERGED from [com.github.bumptech.glide:gifdecoder:4.6.1] AndroidManifest.xml:9:5-20
MERGED from [com.android.support:support-v4:25.1.1] AndroidManifest.xml:25:5-20
MERGED from [com.android.support:support-v4:25.1.1] AndroidManifest.xml:25:5-20
MERGED from [com.android.support:support-media-compat:25.1.1] AndroidManifest.xml:25:5-20
MERGED from [com.android.support:support-media-compat:25.1.1] AndroidManifest.xml:25:5-20
	android:label
		ADDED from src\main\AndroidManifest.xml:25:9-41
	android:icon
		ADDED from src\main\AndroidManifest.xml:24:9-46
	android:allowBackup
		ADDED from src\main\AndroidManifest.xml:23:9-35
	android:theme
		ADDED from src\main\AndroidManifest.xml:26:9-42
	android:networkSecurityConfig
		ADDED from src\main\AndroidManifest.xml:27:9-69
	android:name
		ADDED from src\main\AndroidManifest.xml:22:9-39
activity#com.songbao.sampo_b.activity.SplashActivity
ADDED from src\main\AndroidManifest.xml:28:9-36:20
	android:screenOrientation
		ADDED from src\main\AndroidManifest.xml:30:13-49
	android:name
		ADDED from src\main\AndroidManifest.xml:29:13-52
intent-filter#android.intent.action.MAIN+android.intent.category.LAUNCHER
ADDED from src\main\AndroidManifest.xml:31:13-35:29
action#android.intent.action.MAIN
ADDED from src\main\AndroidManifest.xml:32:17-69
	android:name
		ADDED from src\main\AndroidManifest.xml:32:25-66
category#android.intent.category.LAUNCHER
ADDED from src\main\AndroidManifest.xml:34:17-77
	android:name
		ADDED from src\main\AndroidManifest.xml:34:27-74
uses-library#org.apache.http.legacy
ADDED from src\main\AndroidManifest.xml:39:9-41:40
	android:required
		ADDED from src\main\AndroidManifest.xml:41:13-37
	android:name
		ADDED from src\main\AndroidManifest.xml:40:13-50
provider#android.support.v4.content.FileProvider
ADDED from src\main\AndroidManifest.xml:44:9-52:20
	android:grantUriPermissions
		ADDED from src\main\AndroidManifest.xml:48:13-47
	android:authorities
		ADDED from src\main\AndroidManifest.xml:46:13-67
	android:exported
		ADDED from src\main\AndroidManifest.xml:47:13-37
	android:name
		ADDED from src\main\AndroidManifest.xml:45:13-67
meta-data#android.support.FILE_PROVIDER_PATHS
ADDED from src\main\AndroidManifest.xml:49:13-51:58
	android:resource
		ADDED from src\main\AndroidManifest.xml:51:17-55
	android:name
		ADDED from src\main\AndroidManifest.xml:50:17-67
activity#com.tencent.tauth.AuthActivity
ADDED from src\main\AndroidManifest.xml:55:9-69:20
	android:screenOrientation
		ADDED from src\main\AndroidManifest.xml:60:13-49
	android:launchMode
		ADDED from src\main\AndroidManifest.xml:58:13-44
	android:noHistory
		ADDED from src\main\AndroidManifest.xml:59:13-37
	android:configChanges
		ADDED from src\main\AndroidManifest.xml:57:13-74
	android:name
		ADDED from src\main\AndroidManifest.xml:56:13-58
intent-filter#android.intent.action.VIEW+android.intent.category.BROWSABLE+android.intent.category.DEFAULT
ADDED from src\main\AndroidManifest.xml:61:13-68:29
action#android.intent.action.VIEW
ADDED from src\main\AndroidManifest.xml:62:17-69
	android:name
		ADDED from src\main\AndroidManifest.xml:62:25-66
category#android.intent.category.DEFAULT
ADDED from src\main\AndroidManifest.xml:64:17-76
	android:name
		ADDED from src\main\AndroidManifest.xml:64:27-73
category#android.intent.category.BROWSABLE
ADDED from src\main\AndroidManifest.xml:65:17-78
	android:name
		ADDED from src\main\AndroidManifest.xml:65:27-75
data
ADDED from src\main\AndroidManifest.xml:67:17-60
	android:scheme
		ADDED from src\main\AndroidManifest.xml:67:23-57
activity#com.tencent.connect.common.AssistActivity
ADDED from src\main\AndroidManifest.xml:70:9-74:75
	android:screenOrientation
		ADDED from src\main\AndroidManifest.xml:73:13-49
	android:configChanges
		ADDED from src\main\AndroidManifest.xml:72:13-74
	android:theme
		ADDED from src\main\AndroidManifest.xml:74:13-72
	android:name
		ADDED from src\main\AndroidManifest.xml:71:13-69
meta-data#WEIBO_APPKEY
ADDED from src\main\AndroidManifest.xml:77:9-79:42
	android:value
		ADDED from src\main\AndroidManifest.xml:79:13-39
	android:name
		ADDED from src\main\AndroidManifest.xml:78:13-40
meta-data#WEIBO_CHANNEL
ADDED from src\main\AndroidManifest.xml:80:9-82:37
	android:value
		ADDED from src\main\AndroidManifest.xml:82:13-34
	android:name
		ADDED from src\main\AndroidManifest.xml:81:13-41
meta-data#UMENG_APPKEY
ADDED from src\main\AndroidManifest.xml:85:9-87:55
	android:value
		ADDED from src\main\AndroidManifest.xml:87:13-53
	android:name
		ADDED from src\main\AndroidManifest.xml:86:13-40
meta-data#UMENG_CHANNEL
ADDED from src\main\AndroidManifest.xml:88:9-90:36
	android:value
		ADDED from src\main\AndroidManifest.xml:90:13-34
	android:name
		ADDED from src\main\AndroidManifest.xml:89:13-41
activity#com.songbao.sampo_b.activity.BaseActivity
ADDED from src\main\AndroidManifest.xml:93:9-94:53
	android:name
		ADDED from src\main\AndroidManifest.xml:94:13-50
activity#com.songbao.sampo_b.activity.MainActivity
ADDED from src\main\AndroidManifest.xml:95:9-97:47
	android:launchMode
		ADDED from src\main\AndroidManifest.xml:97:13-44
	android:name
		ADDED from src\main\AndroidManifest.xml:96:13-50
activity#com.songbao.sampo_b.activity.common.clip.ClipImageCircularActivity
ADDED from src\main\AndroidManifest.xml:100:9-103:51
	android:screenOrientation
		ADDED from src\main\AndroidManifest.xml:103:13-49
	android:launchMode
		ADDED from src\main\AndroidManifest.xml:102:13-43
	android:name
		ADDED from src\main\AndroidManifest.xml:101:13-75
activity#com.songbao.sampo_b.activity.common.clip.ClipImageSquareActivity
ADDED from src\main\AndroidManifest.xml:104:9-107:51
	android:screenOrientation
		ADDED from src\main\AndroidManifest.xml:107:13-49
	android:launchMode
		ADDED from src\main\AndroidManifest.xml:106:13-43
	android:name
		ADDED from src\main\AndroidManifest.xml:105:13-73
activity#com.songbao.sampo_b.activity.common.clip.ClipPhotoGridActivity
ADDED from src\main\AndroidManifest.xml:108:9-111:51
	android:screenOrientation
		ADDED from src\main\AndroidManifest.xml:111:13-49
	android:launchMode
		ADDED from src\main\AndroidManifest.xml:110:13-43
	android:name
		ADDED from src\main\AndroidManifest.xml:109:13-71
activity#com.songbao.sampo_b.activity.common.clip.ClipPhotoOneActivity
ADDED from src\main\AndroidManifest.xml:112:9-115:51
	android:screenOrientation
		ADDED from src\main\AndroidManifest.xml:115:13-49
	android:launchMode
		ADDED from src\main\AndroidManifest.xml:114:13-43
	android:name
		ADDED from src\main\AndroidManifest.xml:113:13-70
activity#com.songbao.sampo_b.activity.common.MyWebViewActivity
ADDED from src\main\AndroidManifest.xml:116:9-119:51
	android:screenOrientation
		ADDED from src\main\AndroidManifest.xml:119:13-49
	android:launchMode
		ADDED from src\main\AndroidManifest.xml:118:13-43
	android:name
		ADDED from src\main\AndroidManifest.xml:117:13-62
activity#com.songbao.sampo_b.activity.common.ScanActivity
ADDED from src\main\AndroidManifest.xml:120:9-123:51
	android:screenOrientation
		ADDED from src\main\AndroidManifest.xml:123:13-49
	android:launchMode
		ADDED from src\main\AndroidManifest.xml:122:13-43
	android:name
		ADDED from src\main\AndroidManifest.xml:121:13-57
activity#com.songbao.sampo_b.activity.common.SelectListActivity
ADDED from src\main\AndroidManifest.xml:124:9-127:51
	android:screenOrientation
		ADDED from src\main\AndroidManifest.xml:127:13-49
	android:launchMode
		ADDED from src\main\AndroidManifest.xml:126:13-43
	android:name
		ADDED from src\main\AndroidManifest.xml:125:13-63
activity#com.songbao.sampo_b.activity.common.ViewPagerActivity
ADDED from src\main\AndroidManifest.xml:128:9-131:51
	android:screenOrientation
		ADDED from src\main\AndroidManifest.xml:131:13-49
	android:launchMode
		ADDED from src\main\AndroidManifest.xml:130:13-43
	android:name
		ADDED from src\main\AndroidManifest.xml:129:13-62
activity#com.songbao.sampo_b.activity.login.LoginAccountActivity
ADDED from src\main\AndroidManifest.xml:136:9-139:51
	android:screenOrientation
		ADDED from src\main\AndroidManifest.xml:139:13-49
	android:launchMode
		ADDED from src\main\AndroidManifest.xml:138:13-44
	android:name
		ADDED from src\main\AndroidManifest.xml:137:13-64
activity#com.songbao.sampo_b.activity.two.GoodsActivity
ADDED from src\main\AndroidManifest.xml:142:9-145:51
	android:screenOrientation
		ADDED from src\main\AndroidManifest.xml:145:13-49
	android:launchMode
		ADDED from src\main\AndroidManifest.xml:144:13-43
	android:name
		ADDED from src\main\AndroidManifest.xml:143:13-55
activity#com.songbao.sampo_b.activity.two.GoodsListActivity
ADDED from src\main\AndroidManifest.xml:146:9-149:51
	android:screenOrientation
		ADDED from src\main\AndroidManifest.xml:149:13-49
	android:launchMode
		ADDED from src\main\AndroidManifest.xml:148:13-43
	android:name
		ADDED from src\main\AndroidManifest.xml:147:13-59
activity#com.songbao.sampo_b.activity.two.SketchActivity
ADDED from src\main\AndroidManifest.xml:150:9-153:51
	android:screenOrientation
		ADDED from src\main\AndroidManifest.xml:153:13-49
	android:launchMode
		ADDED from src\main\AndroidManifest.xml:152:13-43
	android:name
		ADDED from src\main\AndroidManifest.xml:151:13-56
activity#com.songbao.sampo_b.activity.mine.AddressActivity
ADDED from src\main\AndroidManifest.xml:156:9-159:51
	android:screenOrientation
		ADDED from src\main\AndroidManifest.xml:159:13-49
	android:launchMode
		ADDED from src\main\AndroidManifest.xml:158:13-43
	android:name
		ADDED from src\main\AndroidManifest.xml:157:13-58
activity#com.songbao.sampo_b.activity.mine.AddressEditActivity
ADDED from src\main\AndroidManifest.xml:160:9-163:51
	android:screenOrientation
		ADDED from src\main\AndroidManifest.xml:163:13-49
	android:launchMode
		ADDED from src\main\AndroidManifest.xml:162:13-43
	android:name
		ADDED from src\main\AndroidManifest.xml:161:13-62
activity#com.songbao.sampo_b.activity.mine.CommentAddActivity
ADDED from src\main\AndroidManifest.xml:164:9-167:51
	android:screenOrientation
		ADDED from src\main\AndroidManifest.xml:167:13-49
	android:launchMode
		ADDED from src\main\AndroidManifest.xml:166:13-43
	android:name
		ADDED from src\main\AndroidManifest.xml:165:13-61
activity#com.songbao.sampo_b.activity.mine.CommentGoodsActivity
ADDED from src\main\AndroidManifest.xml:168:9-171:51
	android:screenOrientation
		ADDED from src\main\AndroidManifest.xml:171:13-49
	android:launchMode
		ADDED from src\main\AndroidManifest.xml:170:13-43
	android:name
		ADDED from src\main\AndroidManifest.xml:169:13-63
activity#com.songbao.sampo_b.activity.mine.CommentOrderActivity
ADDED from src\main\AndroidManifest.xml:172:9-175:51
	android:screenOrientation
		ADDED from src\main\AndroidManifest.xml:175:13-49
	android:launchMode
		ADDED from src\main\AndroidManifest.xml:174:13-43
	android:name
		ADDED from src\main\AndroidManifest.xml:173:13-63
activity#com.songbao.sampo_b.activity.mine.CommentPostActivity
ADDED from src\main\AndroidManifest.xml:176:9-179:51
	android:screenOrientation
		ADDED from src\main\AndroidManifest.xml:179:13-49
	android:launchMode
		ADDED from src\main\AndroidManifest.xml:178:13-43
	android:name
		ADDED from src\main\AndroidManifest.xml:177:13-62
activity#com.songbao.sampo_b.activity.mine.CustomizeActivity
ADDED from src\main\AndroidManifest.xml:180:9-183:51
	android:screenOrientation
		ADDED from src\main\AndroidManifest.xml:183:13-49
	android:launchMode
		ADDED from src\main\AndroidManifest.xml:182:13-43
	android:name
		ADDED from src\main\AndroidManifest.xml:181:13-60
activity#com.songbao.sampo_b.activity.mine.CustomizeListActivity
ADDED from src\main\AndroidManifest.xml:184:9-187:51
	android:screenOrientation
		ADDED from src\main\AndroidManifest.xml:187:13-49
	android:launchMode
		ADDED from src\main\AndroidManifest.xml:186:13-43
	android:name
		ADDED from src\main\AndroidManifest.xml:185:13-64
activity#com.songbao.sampo_b.activity.mine.DesignerListActivity
ADDED from src\main\AndroidManifest.xml:188:9-191:51
	android:screenOrientation
		ADDED from src\main\AndroidManifest.xml:191:13-49
	android:launchMode
		ADDED from src\main\AndroidManifest.xml:190:13-43
	android:name
		ADDED from src\main\AndroidManifest.xml:189:13-63
activity#com.songbao.sampo_b.activity.mine.EditUserInfoActivity
ADDED from src\main\AndroidManifest.xml:192:9-195:51
	android:screenOrientation
		ADDED from src\main\AndroidManifest.xml:195:13-49
	android:launchMode
		ADDED from src\main\AndroidManifest.xml:194:13-43
	android:name
		ADDED from src\main\AndroidManifest.xml:193:13-63
activity#com.songbao.sampo_b.activity.mine.FeedBackActivity
ADDED from src\main\AndroidManifest.xml:196:9-199:51
	android:screenOrientation
		ADDED from src\main\AndroidManifest.xml:199:13-49
	android:launchMode
		ADDED from src\main\AndroidManifest.xml:198:13-43
	android:name
		ADDED from src\main\AndroidManifest.xml:197:13-59
activity#com.songbao.sampo_b.activity.mine.MessageActivity
ADDED from src\main\AndroidManifest.xml:200:9-203:51
	android:screenOrientation
		ADDED from src\main\AndroidManifest.xml:203:13-49
	android:launchMode
		ADDED from src\main\AndroidManifest.xml:202:13-43
	android:name
		ADDED from src\main\AndroidManifest.xml:201:13-58
activity#com.songbao.sampo_b.activity.mine.PersonalActivity
ADDED from src\main\AndroidManifest.xml:204:9-207:51
	android:screenOrientation
		ADDED from src\main\AndroidManifest.xml:207:13-49
	android:launchMode
		ADDED from src\main\AndroidManifest.xml:206:13-43
	android:name
		ADDED from src\main\AndroidManifest.xml:205:13-59
activity#com.songbao.sampo_b.activity.mine.PostSaleActivity
ADDED from src\main\AndroidManifest.xml:208:9-211:51
	android:screenOrientation
		ADDED from src\main\AndroidManifest.xml:211:13-49
	android:launchMode
		ADDED from src\main\AndroidManifest.xml:210:13-43
	android:name
		ADDED from src\main\AndroidManifest.xml:209:13-59
activity#com.songbao.sampo_b.activity.mine.RefundActivity
ADDED from src\main\AndroidManifest.xml:212:9-215:51
	android:screenOrientation
		ADDED from src\main\AndroidManifest.xml:215:13-49
	android:launchMode
		ADDED from src\main\AndroidManifest.xml:214:13-43
	android:name
		ADDED from src\main\AndroidManifest.xml:213:13-57
activity#com.songbao.sampo_b.activity.mine.SelectAreaActivity
ADDED from src\main\AndroidManifest.xml:216:9-219:51
	android:screenOrientation
		ADDED from src\main\AndroidManifest.xml:219:13-49
	android:launchMode
		ADDED from src\main\AndroidManifest.xml:218:13-43
	android:name
		ADDED from src\main\AndroidManifest.xml:217:13-61
activity#com.songbao.sampo_b.activity.mine.SettingActivity
ADDED from src\main\AndroidManifest.xml:220:9-223:51
	android:screenOrientation
		ADDED from src\main\AndroidManifest.xml:223:13-49
	android:launchMode
		ADDED from src\main\AndroidManifest.xml:222:13-43
	android:name
		ADDED from src\main\AndroidManifest.xml:221:13-58
activity#com.songbao.sampo_b.wxapi.WXEntryActivity
ADDED from src\main\AndroidManifest.xml:226:9-229:52
	android:screenOrientation
		ADDED from src\main\AndroidManifest.xml:229:13-49
	android:exported
		ADDED from src\main\AndroidManifest.xml:228:13-36
	android:name
		ADDED from src\main\AndroidManifest.xml:227:13-50
activity#com.songbao.sampo_b.wxapi.WXPayEntryActivity
ADDED from src\main\AndroidManifest.xml:230:9-234:52
	android:screenOrientation
		ADDED from src\main\AndroidManifest.xml:234:13-49
	android:launchMode
		ADDED from src\main\AndroidManifest.xml:233:13-43
	android:exported
		ADDED from src\main\AndroidManifest.xml:232:13-36
	android:name
		ADDED from src\main\AndroidManifest.xml:231:13-53
uses-sdk
INJECTED from src\main\AndroidManifest.xml reason: use-sdk injection requested
INJECTED from src\main\AndroidManifest.xml
INJECTED from src\main\AndroidManifest.xml
MERGED from [cn.yipianfengye.android:zxing-library:2.2] AndroidManifest.xml:7:5-9:41
MERGED from [cn.yipianfengye.android:zxing-library:2.2] AndroidManifest.xml:7:5-9:41
MERGED from [com.android.support:appcompat-v7:27.1.1] AndroidManifest.xml:20:5-44
MERGED from [com.android.support:appcompat-v7:27.1.1] AndroidManifest.xml:20:5-44
MERGED from [com.android.support:recyclerview-v7:27.1.1] AndroidManifest.xml:20:5-44
MERGED from [com.android.support:recyclerview-v7:27.1.1] AndroidManifest.xml:20:5-44
MERGED from [com.android.support.constraint:constraint-layout:1.1.3] AndroidManifest.xml:5:5-7:41
MERGED from [com.android.support.constraint:constraint-layout:1.1.3] AndroidManifest.xml:5:5-7:41
MERGED from [com.jakewharton:butterknife:8.2.1] AndroidManifest.xml:5:5-43
MERGED from [com.jakewharton:butterknife:8.2.1] AndroidManifest.xml:5:5-43
MERGED from [io.reactivex:rxandroid:1.1.0] AndroidManifest.xml:19:5-43
MERGED from [io.reactivex:rxandroid:1.1.0] AndroidManifest.xml:19:5-43
MERGED from [com.github.bumptech.glide:glide:4.6.1] AndroidManifest.xml:7:5-9:41
MERGED from [com.github.bumptech.glide:glide:4.6.1] AndroidManifest.xml:7:5-9:41
MERGED from [com.sina.weibo.sdk:core:4.1.3] AndroidManifest.xml:7:5-9:41
MERGED from [com.sina.weibo.sdk:core:4.1.3] AndroidManifest.xml:7:5-9:41
MERGED from [com.umeng.umsdk:push:6.0.1] AndroidManifest.xml:7:5-9:41
MERGED from [com.umeng.umsdk:push:6.0.1] AndroidManifest.xml:7:5-9:41
MERGED from [com.github.bumptech.glide:gifdecoder:4.6.1] AndroidManifest.xml:5:5-7:41
MERGED from [com.github.bumptech.glide:gifdecoder:4.6.1] AndroidManifest.xml:5:5-7:41
MERGED from [com.android.support:support-v4:25.1.1] AndroidManifest.xml:21:5-23:54
MERGED from [com.android.support:support-v4:25.1.1] AndroidManifest.xml:21:5-23:54
MERGED from [com.android.support:support-media-compat:25.1.1] AndroidManifest.xml:21:5-23:63
MERGED from [com.android.support:support-media-compat:25.1.1] AndroidManifest.xml:21:5-23:63
MERGED from [com.android.support:support-fragment:27.1.1] AndroidManifest.xml:20:5-44
MERGED from [com.android.support:support-fragment:27.1.1] AndroidManifest.xml:20:5-44
MERGED from [com.android.support:animated-vector-drawable:27.1.1] AndroidManifest.xml:20:5-44
MERGED from [com.android.support:animated-vector-drawable:27.1.1] AndroidManifest.xml:20:5-44
MERGED from [com.android.support:support-vector-drawable:27.1.1] AndroidManifest.xml:20:5-44
MERGED from [com.android.support:support-vector-drawable:27.1.1] AndroidManifest.xml:20:5-44
MERGED from [com.android.support:support-core-ui:27.1.1] AndroidManifest.xml:20:5-44
MERGED from [com.android.support:support-core-ui:27.1.1] AndroidManifest.xml:20:5-44
MERGED from [com.android.support:support-core-utils:27.1.1] AndroidManifest.xml:20:5-44
MERGED from [com.android.support:support-core-utils:27.1.1] AndroidManifest.xml:20:5-44
MERGED from [com.android.support:support-compat:27.1.1] AndroidManifest.xml:20:5-44
MERGED from [com.android.support:support-compat:27.1.1] AndroidManifest.xml:20:5-44
MERGED from [android.arch.lifecycle:runtime:1.1.0] AndroidManifest.xml:20:5-44
MERGED from [android.arch.lifecycle:runtime:1.1.0] AndroidManifest.xml:20:5-44
MERGED from [android.arch.lifecycle:livedata-core:1.1.0] AndroidManifest.xml:20:5-44
MERGED from [android.arch.lifecycle:livedata-core:1.1.0] AndroidManifest.xml:20:5-44
MERGED from [android.arch.lifecycle:viewmodel:1.1.0] AndroidManifest.xml:20:5-44
MERGED from [android.arch.lifecycle:viewmodel:1.1.0] AndroidManifest.xml:20:5-44
MERGED from [android.arch.core:runtime:1.1.0] AndroidManifest.xml:20:5-44
MERGED from [android.arch.core:runtime:1.1.0] AndroidManifest.xml:20:5-44
INJECTED from src\main\AndroidManifest.xml
INJECTED from src\main\AndroidManifest.xml
	tools:overrideLibrary
		ADDED from [com.android.support:support-v4:25.1.1] AndroidManifest.xml:23:9-51
	android:targetSdkVersion
		INJECTED from src\main\AndroidManifest.xml
		ADDED from src\main\AndroidManifest.xml
		INJECTED from src\main\AndroidManifest.xml
	android:minSdkVersion
		INJECTED from src\main\AndroidManifest.xml
		ADDED from src\main\AndroidManifest.xml
		INJECTED from src\main\AndroidManifest.xml
activity#com.uuzuche.lib_zxing.activity.CaptureActivity
ADDED from [cn.yipianfengye.android:zxing-library:2.2] AndroidManifest.xml:12:9-17:63
	android:screenOrientation
		ADDED from [cn.yipianfengye.android:zxing-library:2.2] AndroidManifest.xml:15:13-49
	android:windowSoftInputMode
		ADDED from [cn.yipianfengye.android:zxing-library:2.2] AndroidManifest.xml:17:13-60
	android:configChanges
		ADDED from [cn.yipianfengye.android:zxing-library:2.2] AndroidManifest.xml:14:13-63
	android:theme
		ADDED from [cn.yipianfengye.android:zxing-library:2.2] AndroidManifest.xml:16:13-63
	android:name
		ADDED from [cn.yipianfengye.android:zxing-library:2.2] AndroidManifest.xml:13:13-74
activity#com.sina.weibo.sdk.web.WeiboSdkWebActivity
ADDED from [com.sina.weibo.sdk:core:4.1.3] AndroidManifest.xml:12:9-17:20
	android:windowSoftInputMode
		ADDED from [com.sina.weibo.sdk:core:4.1.3] AndroidManifest.xml:16:13-55
	android:exported
		ADDED from [com.sina.weibo.sdk:core:4.1.3] AndroidManifest.xml:15:13-37
	android:configChanges
		ADDED from [com.sina.weibo.sdk:core:4.1.3] AndroidManifest.xml:14:13-63
	android:name
		ADDED from [com.sina.weibo.sdk:core:4.1.3] AndroidManifest.xml:13:13-70
activity#com.sina.weibo.sdk.share.WbShareTransActivity
ADDED from [com.sina.weibo.sdk:core:4.1.3] AndroidManifest.xml:18:9-28:20
	android:launchMode
		ADDED from [com.sina.weibo.sdk:core:4.1.3] AndroidManifest.xml:21:13-44
	android:configChanges
		ADDED from [com.sina.weibo.sdk:core:4.1.3] AndroidManifest.xml:20:13-63
	android:theme
		ADDED from [com.sina.weibo.sdk:core:4.1.3] AndroidManifest.xml:22:13-72
	android:name
		ADDED from [com.sina.weibo.sdk:core:4.1.3] AndroidManifest.xml:19:13-73
intent-filter#android.intent.category.DEFAULT+com.sina.weibo.sdk.action.ACTION_SDK_REQ_ACTIVITY
ADDED from [com.sina.weibo.sdk:core:4.1.3] AndroidManifest.xml:23:13-27:29
action#com.sina.weibo.sdk.action.ACTION_SDK_REQ_ACTIVITY
ADDED from [com.sina.weibo.sdk:core:4.1.3] AndroidManifest.xml:24:17-92
	android:name
		ADDED from [com.sina.weibo.sdk:core:4.1.3] AndroidManifest.xml:24:25-89
activity#com.sina.weibo.sdk.share.WbShareToStoryActivity
ADDED from [com.sina.weibo.sdk:core:4.1.3] AndroidManifest.xml:29:9-39:20
	android:launchMode
		ADDED from [com.sina.weibo.sdk:core:4.1.3] AndroidManifest.xml:32:13-44
	android:configChanges
		ADDED from [com.sina.weibo.sdk:core:4.1.3] AndroidManifest.xml:31:13-63
	android:theme
		ADDED from [com.sina.weibo.sdk:core:4.1.3] AndroidManifest.xml:33:13-72
	android:name
		ADDED from [com.sina.weibo.sdk:core:4.1.3] AndroidManifest.xml:30:13-75
intent-filter#android.intent.category.DEFAULT+com.sina.weibo.sdk.action.ACTION_SDK_REQ_STORY
ADDED from [com.sina.weibo.sdk:core:4.1.3] AndroidManifest.xml:34:13-38:29
action#com.sina.weibo.sdk.action.ACTION_SDK_REQ_STORY
ADDED from [com.sina.weibo.sdk:core:4.1.3] AndroidManifest.xml:35:17-89
	android:name
		ADDED from [com.sina.weibo.sdk:core:4.1.3] AndroidManifest.xml:35:25-86
uses-permission#android.permission.WAKE_LOCK
ADDED from [com.umeng.umsdk:push:6.0.1] AndroidManifest.xml:15:5-68
	android:name
		ADDED from [com.umeng.umsdk:push:6.0.1] AndroidManifest.xml:15:22-65
uses-permission#android.permission.BROADCAST_PACKAGE_ADDED
ADDED from [com.umeng.umsdk:push:6.0.1] AndroidManifest.xml:17:5-82
	android:name
		ADDED from [com.umeng.umsdk:push:6.0.1] AndroidManifest.xml:17:22-79